#
# There is insufficient memory for the Java Runtime Environment to continue.
# Native memory allocation (malloc) failed to allocate 32744 bytes. Error detail: ChunkPool::allocate
# Possible reasons:
#   The system is out of physical RAM or swap space
#   This process is running with CompressedOops enabled, and the Java Heap may be blocking the growth of the native heap
# Possible solutions:
#   Reduce memory load on the system
#   Increase physical memory or swap space
#   Check if swap backing store is full
#   Decrease Java heap size (-Xmx/-Xms)
#   Decrease number of Java threads
#   Decrease Java thread stack sizes (-Xss)
#   Set larger code cache with -XX:ReservedCodeCacheSize=
#   JVM is running with Unscaled Compressed Oops mode in which the Java heap is
#     placed in the first 4GB address space. The Java Heap base address is the
#     maximum limit for the native heap growth. Please use -XX:HeapBaseMinAddress
#     to set the Java Heap base and to place the Java Heap above 4GB virtual address.
# This output file may be truncated or incomplete.
#
#  Out of Memory Error (arena.cpp:79), pid=7728, tid=10988
#
# JRE version: OpenJDK Runtime Environment Microsoft-9388408 (17.0.11+9) (build 17.0.11+9-LTS)
# Java VM: OpenJDK 64-Bit Server VM Microsoft-9388408 (17.0.11+9-LTS, mixed mode, sharing, tiered, compressed oops, compressed class ptrs, g1 gc, windows-amd64)
# No core dump will be written. Minidumps are not enabled by default on client versions of Windows
#

---------------  S U M M A R Y ------------

Command Line: -Xmx64m -Xms64m -Dorg.gradle.appname=gradlew org.gradle.wrapper.GradleWrapperMain app:installDebug -PreactNativeDevServerPort=8081

Host: Intel(R) Core(TM) i5-8265U CPU @ 1.60GHz, 8 cores, 15G,  Windows 10 , 64 bit Build 19041 (10.0.19041.3636)
Time: Sat May 18 19:42:39 2024 Arabian Standard Time elapsed time: 306.488160 seconds (0d 0h 5m 6s)

---------------  T H R E A D  ---------------

Current thread (0x0000012fdcaf5110):  JavaThread "C2 CompilerThread0" daemon [_thread_in_native, id=10988, stack(0x00000028edb00000,0x00000028edc00000)]


Current CompileTask:
C2: 306488 1600       4       org.gradle.internal.logging.text.AbstractLineChoppingStyledTextOutput::doAppend (43 bytes)

Stack: [0x00000028edb00000,0x00000028edc00000]
Native frames: (J=compiled Java code, j=interpreted, Vv=VM code, C=native code)
V  [jvm.dll+0x67f6d9]
V  [jvm.dll+0x83773a]
V  [jvm.dll+0x8391fe]
V  [jvm.dll+0x839863]
V  [jvm.dll+0x247fbf]
V  [jvm.dll+0xac741]
V  [jvm.dll+0xacb8c]
V  [jvm.dll+0xac64b]
V  [jvm.dll+0x65e089]
V  [jvm.dll+0x1baf5a]
V  [jvm.dll+0x36539e]
V  [jvm.dll+0x36583c]
V  [jvm.dll+0x365620]
V  [jvm.dll+0x2d66c6]
V  [jvm.dll+0x644da7]
V  [jvm.dll+0x112ddc]
V  [jvm.dll+0x342dc6]
V  [jvm.dll+0x69b8e6]
V  [jvm.dll+0x69ac32]
V  [jvm.dll+0x6960fd]
V  [jvm.dll+0x6901bb]
V  [jvm.dll+0x68f7f7]
V  [jvm.dll+0x68d6e2]
V  [jvm.dll+0x1a868c]
V  [jvm.dll+0x2aec14]
V  [jvm.dll+0x698205]
V  [jvm.dll+0x6901bb]
V  [jvm.dll+0x68f7f7]
V  [jvm.dll+0x68d6e2]
V  [jvm.dll+0x1a868c]
V  [jvm.dll+0x1a9226]
V  [jvm.dll+0x2aec14]
V  [jvm.dll+0x698205]
V  [jvm.dll+0x6901bb]
V  [jvm.dll+0x68f7f7]
V  [jvm.dll+0x68d6e2]
V  [jvm.dll+0x1a868c]
V  [jvm.dll+0x1a9226]
V  [jvm.dll+0x2aec14]
V  [jvm.dll+0x698205]
V  [jvm.dll+0x6901bb]
V  [jvm.dll+0x68f7f7]
V  [jvm.dll+0x68d6e2]
V  [jvm.dll+0x1a868c]
V  [jvm.dll+0x1a9226]
V  [jvm.dll+0x2aec14]
V  [jvm.dll+0x698205]
V  [jvm.dll+0x6901bb]
V  [jvm.dll+0x68f7f7]
V  [jvm.dll+0x68d6e2]
V  [jvm.dll+0x1a868c]
V  [jvm.dll+0x1a9226]
V  [jvm.dll+0x2aec14]
V  [jvm.dll+0x698205]
V  [jvm.dll+0x6901bb]
V  [jvm.dll+0x68f7f7]
V  [jvm.dll+0x68d6e2]
V  [jvm.dll+0x1a868c]
V  [jvm.dll+0x1a9226]
V  [jvm.dll+0x1a9226]
V  [jvm.dll+0x2aec14]
V  [jvm.dll+0x698205]
V  [jvm.dll+0x6901bb]
V  [jvm.dll+0x68f7f7]
V  [jvm.dll+0x68d6e2]
V  [jvm.dll+0x1a868c]
V  [jvm.dll+0x2195c8]
V  [jvm.dll+0x1a5396]
V  [jvm.dll+0x2297cd]
V  [jvm.dll+0x22799c]
V  [jvm.dll+0x7ec8b7]
V  [jvm.dll+0x7e6cba]
V  [jvm.dll+0x67e5c5]
C  [ucrtbase.dll+0x21bb2]
C  [KERNEL32.DLL+0x17344]
C  [ntdll.dll+0x526b1]


---------------  P R O C E S S  ---------------

Threads class SMR info:
_java_thread_list=0x0000013022e2c0d0, length=15, elements={
0x0000012fc30f06f0, 0x0000012fc31991b0, 0x0000012fc3199f40, 0x0000012fc31ae5a0,
0x0000012fdcaee330, 0x0000012fdcaf2c30, 0x0000012fdcaf3500, 0x0000012fdcaf5110,
0x0000012fdcaf5a20, 0x0000012fdcaf6330, 0x00000130220602e0, 0x000001302206da70,
0x0000013022a88ae0, 0x00000130230c0570, 0x00000130230c0a50
}

Java Threads: ( => current thread )
  0x0000012fc30f06f0 JavaThread "main" [_thread_in_Java, id=15904, stack(0x00000028ecd00000,0x00000028ece00000)]
  0x0000012fc31991b0 JavaThread "Reference Handler" daemon [_thread_blocked, id=19068, stack(0x00000028ed400000,0x00000028ed500000)]
  0x0000012fc3199f40 JavaThread "Finalizer" daemon [_thread_blocked, id=18140, stack(0x00000028ed500000,0x00000028ed600000)]
  0x0000012fc31ae5a0 JavaThread "Signal Dispatcher" daemon [_thread_blocked, id=10832, stack(0x00000028ed700000,0x00000028ed800000)]
  0x0000012fdcaee330 JavaThread "Attach Listener" daemon [_thread_blocked, id=15844, stack(0x00000028ed800000,0x00000028ed900000)]
  0x0000012fdcaf2c30 JavaThread "Service Thread" daemon [_thread_blocked, id=17196, stack(0x00000028ed900000,0x00000028eda00000)]
  0x0000012fdcaf3500 JavaThread "Monitor Deflation Thread" daemon [_thread_blocked, id=17276, stack(0x00000028eda00000,0x00000028edb00000)]
=>0x0000012fdcaf5110 JavaThread "C2 CompilerThread0" daemon [_thread_in_native, id=10988, stack(0x00000028edb00000,0x00000028edc00000)]
  0x0000012fdcaf5a20 JavaThread "C1 CompilerThread0" daemon [_thread_blocked, id=22872, stack(0x00000028edc00000,0x00000028edd00000)]
  0x0000012fdcaf6330 JavaThread "Sweeper thread" daemon [_thread_blocked, id=22264, stack(0x00000028edd00000,0x00000028ede00000)]
  0x00000130220602e0 JavaThread "Notification Thread" daemon [_thread_blocked, id=5960, stack(0x00000028ede00000,0x00000028edf00000)]
  0x000001302206da70 JavaThread "Common-Cleaner" daemon [_thread_blocked, id=7572, stack(0x00000028ee000000,0x00000028ee100000)]
  0x0000013022a88ae0 JavaThread "pool-1-thread-1" [_thread_blocked, id=22208, stack(0x00000028ee200000,0x00000028ee300000)]
  0x00000130230c0570 JavaThread "DisconnectableInputStream source reader" daemon [_thread_in_native, id=15848, stack(0x00000028ee700000,0x00000028ee800000)]
  0x00000130230c0a50 JavaThread "Forward input" [_thread_blocked, id=16792, stack(0x00000028ee800000,0x00000028ee900000)]

Other Threads:
  0x0000012fc3194dd0 VMThread "VM Thread" [stack: 0x00000028ed300000,0x00000028ed400000] [id=23468]
  0x0000013022062fe0 WatcherThread [stack: 0x00000028edf00000,0x00000028ee000000] [id=21968]
  0x0000012fc3110d30 GCTaskThread "GC Thread#0" [stack: 0x00000028ece00000,0x00000028ecf00000] [id=20912]
  0x0000013022fa5d60 GCTaskThread "GC Thread#1" [stack: 0x00000028ee300000,0x00000028ee400000] [id=12348]
  0x0000013022ab96a0 GCTaskThread "GC Thread#2" [stack: 0x00000028ee400000,0x00000028ee500000] [id=10956]
  0x0000013022f23640 GCTaskThread "GC Thread#3" [stack: 0x00000028ee500000,0x00000028ee600000] [id=24348]
  0x0000013022af9660 GCTaskThread "GC Thread#4" [stack: 0x00000028ee600000,0x00000028ee700000] [id=7352]
  0x0000012fc3112480 ConcurrentGCThread "G1 Main Marker" [stack: 0x00000028ecf00000,0x00000028ed000000] [id=15676]
  0x0000012fc3112ea0 ConcurrentGCThread "G1 Conc#0" [stack: 0x00000028ed000000,0x00000028ed100000] [id=6152]
  0x0000012fc31773a0 ConcurrentGCThread "G1 Refine#0" [stack: 0x00000028ed100000,0x00000028ed200000] [id=23300]
  0x0000012fc31790f0 ConcurrentGCThread "G1 Service" [stack: 0x00000028ed200000,0x00000028ed300000] [id=23284]

Threads with active compile tasks:
C2 CompilerThread0   306577 1600       4       org.gradle.internal.logging.text.AbstractLineChoppingStyledTextOutput::doAppend (43 bytes)
C1 CompilerThread0   306577 1620       3       java.util.Arrays::hashCode (56 bytes)

VM state: not at safepoint (normal execution)

VM Mutex/Monitor currently owned by a thread: None

Heap address: 0x00000000fc000000, size: 64 MB, Compressed Oops mode: 32-bit

CDS archive(s) mapped at: [0x0000012fdd000000-0x0000012fddbb0000-0x0000012fddbb0000), size 12255232, SharedBaseAddress: 0x0000012fdd000000, ArchiveRelocationMode: 1.
Compressed class space mapped at: 0x0000012fde000000-0x000001301e000000, reserved size: 1073741824
Narrow klass base: 0x0000012fdd000000, Narrow klass shift: 0, Narrow klass range: 0x100000000

GC Precious Log:
 CPUs: 8 total, 8 available
 Memory: 16255M
 Large Page Support: Disabled
 NUMA Support: Disabled
 Compressed Oops: Enabled (32-bit)
 Heap Region Size: 1M
 Heap Min Capacity: 64M
 Heap Initial Capacity: 64M
 Heap Max Capacity: 64M
 Pre-touch: Disabled
 Parallel Workers: 8
 Concurrent Workers: 2
 Concurrent Refinement Workers: 8
 Periodic GC: Disabled

Heap:
 garbage-first heap   total 65536K, used 26880K [0x00000000fc000000, 0x0000000100000000)
  region size 1024K, 20 young (20480K), 3 survivors (3072K)
 Metaspace       used 9181K, committed 9344K, reserved 1114112K
  class space    used 1207K, committed 1280K, reserved 1048576K

Heap Regions: E=young(eden), S=young(survivor), O=old, HS=humongous(starts), HC=humongous(continues), CS=collection set, F=free, OA=open archive, CA=closed archive, TAMS=top-at-mark-start (previous, next)
|   0|0x00000000fc000000, 0x00000000fc100000, 0x00000000fc100000|100%|HS|  |TAMS 0x00000000fc000000, 0x00000000fc000000| Complete 
|   1|0x00000000fc100000, 0x00000000fc200000, 0x00000000fc200000|100%|HC|  |TAMS 0x00000000fc100000, 0x00000000fc100000| Complete 
|   2|0x00000000fc200000, 0x00000000fc300000, 0x00000000fc300000|100%|HC|  |TAMS 0x00000000fc200000, 0x00000000fc200000| Complete 
|   3|0x00000000fc300000, 0x00000000fc400000, 0x00000000fc400000|100%|HC|  |TAMS 0x00000000fc300000, 0x00000000fc300000| Complete 
|   4|0x00000000fc400000, 0x00000000fc500000, 0x00000000fc500000|100%| O|  |TAMS 0x00000000fc400000, 0x00000000fc400000| Untracked 
|   5|0x00000000fc500000, 0x00000000fc600000, 0x00000000fc600000|100%| O|  |TAMS 0x00000000fc500000, 0x00000000fc500000| Untracked 
|   6|0x00000000fc600000, 0x00000000fc700000, 0x00000000fc700000|100%| O|  |TAMS 0x00000000fc600000, 0x00000000fc600000| Untracked 
|   7|0x00000000fc700000, 0x00000000fc740000, 0x00000000fc800000| 25%| O|  |TAMS 0x00000000fc700000, 0x00000000fc700000| Untracked 
|   8|0x00000000fc800000, 0x00000000fc800000, 0x00000000fc900000|  0%| F|  |TAMS 0x00000000fc800000, 0x00000000fc800000| Untracked 
|   9|0x00000000fc900000, 0x00000000fc900000, 0x00000000fca00000|  0%| F|  |TAMS 0x00000000fc900000, 0x00000000fc900000| Untracked 
|  10|0x00000000fca00000, 0x00000000fca00000, 0x00000000fcb00000|  0%| F|  |TAMS 0x00000000fca00000, 0x00000000fca00000| Untracked 
|  11|0x00000000fcb00000, 0x00000000fcb00000, 0x00000000fcc00000|  0%| F|  |TAMS 0x00000000fcb00000, 0x00000000fcb00000| Untracked 
|  12|0x00000000fcc00000, 0x00000000fcc00000, 0x00000000fcd00000|  0%| F|  |TAMS 0x00000000fcc00000, 0x00000000fcc00000| Untracked 
|  13|0x00000000fcd00000, 0x00000000fcd00000, 0x00000000fce00000|  0%| F|  |TAMS 0x00000000fcd00000, 0x00000000fcd00000| Untracked 
|  14|0x00000000fce00000, 0x00000000fce00000, 0x00000000fcf00000|  0%| F|  |TAMS 0x00000000fce00000, 0x00000000fce00000| Untracked 
|  15|0x00000000fcf00000, 0x00000000fcf00000, 0x00000000fd000000|  0%| F|  |TAMS 0x00000000fcf00000, 0x00000000fcf00000| Untracked 
|  16|0x00000000fd000000, 0x00000000fd000000, 0x00000000fd100000|  0%| F|  |TAMS 0x00000000fd000000, 0x00000000fd000000| Untracked 
|  17|0x00000000fd100000, 0x00000000fd100000, 0x00000000fd200000|  0%| F|  |TAMS 0x00000000fd100000, 0x00000000fd100000| Untracked 
|  18|0x00000000fd200000, 0x00000000fd200000, 0x00000000fd300000|  0%| F|  |TAMS 0x00000000fd200000, 0x00000000fd200000| Untracked 
|  19|0x00000000fd300000, 0x00000000fd300000, 0x00000000fd400000|  0%| F|  |TAMS 0x00000000fd300000, 0x00000000fd300000| Untracked 
|  20|0x00000000fd400000, 0x00000000fd400000, 0x00000000fd500000|  0%| F|  |TAMS 0x00000000fd400000, 0x00000000fd400000| Untracked 
|  21|0x00000000fd500000, 0x00000000fd500000, 0x00000000fd600000|  0%| F|  |TAMS 0x00000000fd500000, 0x00000000fd500000| Untracked 
|  22|0x00000000fd600000, 0x00000000fd600000, 0x00000000fd700000|  0%| F|  |TAMS 0x00000000fd600000, 0x00000000fd600000| Untracked 
|  23|0x00000000fd700000, 0x00000000fd700000, 0x00000000fd800000|  0%| F|  |TAMS 0x00000000fd700000, 0x00000000fd700000| Untracked 
|  24|0x00000000fd800000, 0x00000000fd800000, 0x00000000fd900000|  0%| F|  |TAMS 0x00000000fd800000, 0x00000000fd800000| Untracked 
|  25|0x00000000fd900000, 0x00000000fd900000, 0x00000000fda00000|  0%| F|  |TAMS 0x00000000fd900000, 0x00000000fd900000| Untracked 
|  26|0x00000000fda00000, 0x00000000fda00000, 0x00000000fdb00000|  0%| F|  |TAMS 0x00000000fda00000, 0x00000000fda00000| Untracked 
|  27|0x00000000fdb00000, 0x00000000fdb00000, 0x00000000fdc00000|  0%| F|  |TAMS 0x00000000fdb00000, 0x00000000fdb00000| Untracked 
|  28|0x00000000fdc00000, 0x00000000fdc00000, 0x00000000fdd00000|  0%| F|  |TAMS 0x00000000fdc00000, 0x00000000fdc00000| Untracked 
|  29|0x00000000fdd00000, 0x00000000fdd00000, 0x00000000fde00000|  0%| F|  |TAMS 0x00000000fdd00000, 0x00000000fdd00000| Untracked 
|  30|0x00000000fde00000, 0x00000000fde00000, 0x00000000fdf00000|  0%| F|  |TAMS 0x00000000fde00000, 0x00000000fde00000| Untracked 
|  31|0x00000000fdf00000, 0x00000000fdf00000, 0x00000000fe000000|  0%| F|  |TAMS 0x00000000fdf00000, 0x00000000fdf00000| Untracked 
|  32|0x00000000fe000000, 0x00000000fe000000, 0x00000000fe100000|  0%| F|  |TAMS 0x00000000fe000000, 0x00000000fe000000| Untracked 
|  33|0x00000000fe100000, 0x00000000fe100000, 0x00000000fe200000|  0%| F|  |TAMS 0x00000000fe100000, 0x00000000fe100000| Untracked 
|  34|0x00000000fe200000, 0x00000000fe200000, 0x00000000fe300000|  0%| F|  |TAMS 0x00000000fe200000, 0x00000000fe200000| Untracked 
|  35|0x00000000fe300000, 0x00000000fe300000, 0x00000000fe400000|  0%| F|  |TAMS 0x00000000fe300000, 0x00000000fe300000| Untracked 
|  36|0x00000000fe400000, 0x00000000fe400000, 0x00000000fe500000|  0%| F|  |TAMS 0x00000000fe400000, 0x00000000fe400000| Untracked 
|  37|0x00000000fe500000, 0x00000000fe500000, 0x00000000fe600000|  0%| F|  |TAMS 0x00000000fe500000, 0x00000000fe500000| Untracked 
|  38|0x00000000fe600000, 0x00000000fe700000, 0x00000000fe700000|100%| S|CS|TAMS 0x00000000fe600000, 0x00000000fe600000| Complete 
|  39|0x00000000fe700000, 0x00000000fe800000, 0x00000000fe800000|100%| S|CS|TAMS 0x00000000fe700000, 0x00000000fe700000| Complete 
|  40|0x00000000fe800000, 0x00000000fe900000, 0x00000000fe900000|100%| S|CS|TAMS 0x00000000fe800000, 0x00000000fe800000| Complete 
|  41|0x00000000fe900000, 0x00000000fe900000, 0x00000000fea00000|  0%| F|  |TAMS 0x00000000fe900000, 0x00000000fe900000| Untracked 
|  42|0x00000000fea00000, 0x00000000fea00000, 0x00000000feb00000|  0%| F|  |TAMS 0x00000000fea00000, 0x00000000fea00000| Untracked 
|  43|0x00000000feb00000, 0x00000000feb00000, 0x00000000fec00000|  0%| F|  |TAMS 0x00000000feb00000, 0x00000000feb00000| Untracked 
|  44|0x00000000fec00000, 0x00000000fec00000, 0x00000000fed00000|  0%| F|  |TAMS 0x00000000fec00000, 0x00000000fec00000| Untracked 
|  45|0x00000000fed00000, 0x00000000fed00000, 0x00000000fee00000|  0%| F|  |TAMS 0x00000000fed00000, 0x00000000fed00000| Untracked 
|  46|0x00000000fee00000, 0x00000000fee00000, 0x00000000fef00000|  0%| F|  |TAMS 0x00000000fee00000, 0x00000000fee00000| Untracked 
|  47|0x00000000fef00000, 0x00000000ff000000, 0x00000000ff000000|100%| E|  |TAMS 0x00000000fef00000, 0x00000000fef00000| Complete 
|  48|0x00000000ff000000, 0x00000000ff100000, 0x00000000ff100000|100%| E|CS|TAMS 0x00000000ff000000, 0x00000000ff000000| Complete 
|  49|0x00000000ff100000, 0x00000000ff200000, 0x00000000ff200000|100%| E|CS|TAMS 0x00000000ff100000, 0x00000000ff100000| Complete 
|  50|0x00000000ff200000, 0x00000000ff300000, 0x00000000ff300000|100%| E|CS|TAMS 0x00000000ff200000, 0x00000000ff200000| Complete 
|  51|0x00000000ff300000, 0x00000000ff400000, 0x00000000ff400000|100%| E|CS|TAMS 0x00000000ff300000, 0x00000000ff300000| Complete 
|  52|0x00000000ff400000, 0x00000000ff500000, 0x00000000ff500000|100%| E|CS|TAMS 0x00000000ff400000, 0x00000000ff400000| Complete 
|  53|0x00000000ff500000, 0x00000000ff600000, 0x00000000ff600000|100%| E|CS|TAMS 0x00000000ff500000, 0x00000000ff500000| Complete 
|  54|0x00000000ff600000, 0x00000000ff700000, 0x00000000ff700000|100%| E|CS|TAMS 0x00000000ff600000, 0x00000000ff600000| Complete 
|  55|0x00000000ff700000, 0x00000000ff800000, 0x00000000ff800000|100%| E|CS|TAMS 0x00000000ff700000, 0x00000000ff700000| Complete 
|  56|0x00000000ff800000, 0x00000000ff900000, 0x00000000ff900000|100%| E|CS|TAMS 0x00000000ff800000, 0x00000000ff800000| Complete 
|  57|0x00000000ff900000, 0x00000000ffa00000, 0x00000000ffa00000|100%| E|CS|TAMS 0x00000000ff900000, 0x00000000ff900000| Complete 
|  58|0x00000000ffa00000, 0x00000000ffb00000, 0x00000000ffb00000|100%| E|CS|TAMS 0x00000000ffa00000, 0x00000000ffa00000| Complete 
|  59|0x00000000ffb00000, 0x00000000ffc00000, 0x00000000ffc00000|100%| E|CS|TAMS 0x00000000ffb00000, 0x00000000ffb00000| Complete 
|  60|0x00000000ffc00000, 0x00000000ffd00000, 0x00000000ffd00000|100%| E|CS|TAMS 0x00000000ffc00000, 0x00000000ffc00000| Complete 
|  61|0x00000000ffd00000, 0x00000000ffe00000, 0x00000000ffe00000|100%| E|CS|TAMS 0x00000000ffd00000, 0x00000000ffd00000| Complete 
|  62|0x00000000ffe00000, 0x00000000fff00000, 0x00000000fff00000|100%| E|CS|TAMS 0x00000000ffe00000, 0x00000000ffe00000| Complete 
|  63|0x00000000fff00000, 0x0000000100000000, 0x0000000100000000|100%| E|CS|TAMS 0x00000000fff00000, 0x00000000fff00000| Complete 

Card table byte_map: [0x0000012fc1060000,0x0000012fc1080000] _byte_map_base: 0x0000012fc0880000

Marking Bits (Prev, Next): (CMBitMap*) 0x0000012fc3111350, (CMBitMap*) 0x0000012fc3111390
 Prev Bits: [0x0000012fd9f50000, 0x0000012fda050000)
 Next Bits: [0x0000012fda050000, 0x0000012fda150000)

Polling page: 0x0000012fc1010000

Metaspace:

Usage:
  Non-class:      7.80 MB used.
      Class:      1.18 MB used.
       Both:      8.99 MB used.

Virtual space:
  Non-class space:       64.00 MB reserved,       7.94 MB ( 12%) committed,  1 nodes.
      Class space:        1.00 GB reserved,       1.25 MB ( <1%) committed,  1 nodes.
             Both:        1.06 GB reserved,       9.19 MB ( <1%) committed. 

Chunk freelists:
   Non-Class:  8.02 MB
       Class:  14.63 MB
        Both:  22.65 MB

MaxMetaspaceSize: unlimited
CompressedClassSpaceSize: 1.00 GB
Initial GC threshold: 21.00 MB
Current GC threshold: 21.00 MB
CDS: on
MetaspaceReclaimPolicy: balanced
 - commit_granule_bytes: 65536.
 - commit_granule_words: 8192.
 - virtual_space_node_default_size: 8388608.
 - enlarge_chunks_in_place: 1.
 - new_chunks_are_fully_committed: 0.
 - uncommit_free_chunks: 1.
 - use_allocation_guard: 0.
 - handle_deallocations: 1.


Internal statistics:

num_allocs_failed_limit: 0.
num_arena_births: 96.
num_arena_deaths: 0.
num_vsnodes_births: 2.
num_vsnodes_deaths: 0.
num_space_committed: 147.
num_space_uncommitted: 0.
num_chunks_returned_to_freelist: 0.
num_chunks_taken_from_freelist: 339.
num_chunk_merges: 0.
num_chunk_splits: 228.
num_chunks_enlarged: 176.
num_inconsistent_stats: 0.

CodeHeap 'non-profiled nmethods': size=120000Kb used=624Kb max_used=624Kb free=119375Kb
 bounds [0x0000012fd26f0000, 0x0000012fd2960000, 0x0000012fd9c20000]
CodeHeap 'profiled nmethods': size=120000Kb used=3047Kb max_used=3047Kb free=116952Kb
 bounds [0x0000012fcac20000, 0x0000012fcaf20000, 0x0000012fd2150000]
CodeHeap 'non-nmethods': size=5760Kb used=1166Kb max_used=1191Kb free=4593Kb
 bounds [0x0000012fd2150000, 0x0000012fd23c0000, 0x0000012fd26f0000]
 total_blobs=2081 nmethods=1619 adapters=375
 compilation: enabled
              stopped_count=0, restarted_count=0
 full_count=0

Compilation events (20 events):
Event: 181.762 Thread 0x0000012fdcaf5110 nmethod 1590 0x0000012fd278a510 code [0x0000012fd278a680, 0x0000012fd278a718]
Event: 192.760 Thread 0x0000012fdcaf5a20 1591       3       java.util.Collections::addAll (43 bytes)
Event: 192.760 Thread 0x0000012fdcaf5a20 nmethod 1591 0x0000012fcaf0f110 code [0x0000012fcaf0f2c0, 0x0000012fcaf0f588]
Event: 193.567 Thread 0x0000012fdcaf5110 1592       4       java.io.OutputStream::flush (1 bytes)
Event: 193.567 Thread 0x0000012fdcaf5110 nmethod 1592 0x0000012fd278a810 code [0x0000012fd278a980, 0x0000012fd278a9f8]
Event: 207.172 Thread 0x0000012fdcaf5110 1593       4       java.util.concurrent.locks.AbstractQueuedSynchronizer$Node::setStatusRelaxed (12 bytes)
Event: 207.173 Thread 0x0000012fdcaf5110 nmethod 1593 0x0000012fd278ab10 code [0x0000012fd278ac80, 0x0000012fd278acf8]
Event: 208.881 Thread 0x0000012fdcaf5110 1594       4       java.util.concurrent.locks.ReentrantLock$NonfairSync::initialTryLock (58 bytes)
Event: 208.884 Thread 0x0000012fdcaf5110 nmethod 1594 0x0000012fd278ae10 code [0x0000012fd278af80, 0x0000012fd278b118]
Event: 261.667 Thread 0x0000012fdcaf5a20 1595       3       org.gradle.internal.logging.format.PrettyPrefixedLogHeaderFormatter::format (62 bytes)
Event: 261.668 Thread 0x0000012fdcaf5a20 nmethod 1595 0x0000012fcaf0f710 code [0x0000012fcaf0f960, 0x0000012fcaf105e8]
Event: 261.668 Thread 0x0000012fdcaf5a20 1596       3       org.gradle.internal.logging.format.PrettyPrefixedLogHeaderFormatter::header (42 bytes)
Event: 261.669 Thread 0x0000012fdcaf5a20 nmethod 1596 0x0000012fcaf10910 code [0x0000012fcaf10b40, 0x0000012fcaf112e8]
Event: 261.669 Thread 0x0000012fdcaf5a20 1597       3       com.google.common.collect.Lists::newArrayList (28 bytes)
Event: 261.669 Thread 0x0000012fdcaf5a20 nmethod 1597 0x0000012fcaf11590 code [0x0000012fcaf11780, 0x0000012fcaf11c98]
Event: 295.664 Thread 0x0000012fdcaf5110 1598       4       java.util.concurrent.ScheduledThreadPoolExecutor$ScheduledFutureTask::getDelay (16 bytes)
Event: 295.667 Thread 0x0000012fdcaf5110 nmethod 1598 0x0000012fd278b190 code [0x0000012fd278b320, 0x0000012fd278b458]
Event: 299.772 Thread 0x0000012fdcaf5110 1599       4       java.util.concurrent.locks.ReentrantLock$Sync::isHeldExclusively (16 bytes)
Event: 299.773 Thread 0x0000012fdcaf5110 nmethod 1599 0x0000012fd278b590 code [0x0000012fd278b700, 0x0000012fd278b7b8]
Event: 306.464 Thread 0x0000012fdcaf5110 1600       4       org.gradle.internal.logging.text.AbstractLineChoppingStyledTextOutput::doAppend (43 bytes)

GC Heap History (2 events):
Event: 1.643 GC heap before
{Heap before GC invocations=0 (full 0):
 garbage-first heap   total 65536K, used 26624K [0x00000000fc000000, 0x0000000100000000)
  region size 1024K, 23 young (23552K), 0 survivors (0K)
 Metaspace       used 3776K, committed 3904K, reserved 1114112K
  class space    used 461K, committed 512K, reserved 1048576K
}
Event: 1.658 GC heap after
{Heap after GC invocations=1 (full 0):
 garbage-first heap   total 65536K, used 10496K [0x00000000fc000000, 0x0000000100000000)
  region size 1024K, 3 young (3072K), 3 survivors (3072K)
 Metaspace       used 3776K, committed 3904K, reserved 1114112K
  class space    used 461K, committed 512K, reserved 1048576K
}

Dll operation events (12 events):
Event: 0.014 Loaded shared library C:\Program Files\Microsoft\jdk-17.0.11.9-hotspot\bin\java.dll
Event: 0.052 Loaded shared library C:\Program Files\Microsoft\jdk-17.0.11.9-hotspot\bin\jsvml.dll
Event: 0.123 Loaded shared library C:\Program Files\Microsoft\jdk-17.0.11.9-hotspot\bin\net.dll
Event: 0.128 Loaded shared library C:\Program Files\Microsoft\jdk-17.0.11.9-hotspot\bin\nio.dll
Event: 0.138 Loaded shared library C:\Program Files\Microsoft\jdk-17.0.11.9-hotspot\bin\zip.dll
Event: 0.824 Loaded shared library C:\Program Files\Microsoft\jdk-17.0.11.9-hotspot\bin\jimage.dll
Event: 1.029 Loaded shared library C:\Program Files\Microsoft\jdk-17.0.11.9-hotspot\bin\verify.dll
Event: 1.770 Loaded shared library C:\Users\DeLL\.gradle\native\c067742578af261105cb4f569cf0c3c89f3d7b1fecec35dd04571415982c5e48\windows-amd64\native-platform.dll
Event: 2.214 Loaded shared library C:\Program Files\Microsoft\jdk-17.0.11.9-hotspot\bin\management.dll
Event: 2.227 Loaded shared library C:\Program Files\Microsoft\jdk-17.0.11.9-hotspot\bin\management_ext.dll
Event: 3.168 Loaded shared library C:\Program Files\Microsoft\jdk-17.0.11.9-hotspot\bin\extnet.dll
Event: 3.359 Loaded shared library C:\Program Files\Microsoft\jdk-17.0.11.9-hotspot\bin\sunmscapi.dll

Deoptimization events (20 events):
Event: 2.349 Thread 0x0000012fc30f06f0 DEOPT PACKING pc=0x0000012fcad20138 sp=0x00000028ecdf94d0
Event: 2.350 Thread 0x0000012fc30f06f0 DEOPT UNPACKING pc=0x0000012fd21a7143 sp=0x00000028ecdf89e8 mode 0
Event: 2.556 Thread 0x0000012fc30f06f0 Uncommon trap: trap_request=0xffffff45 fr.pc=0x0000012fd274cdcc relative=0x0000000000001c8c
Event: 2.556 Thread 0x0000012fc30f06f0 Uncommon trap: reason=unstable_if action=reinterpret pc=0x0000012fd274cdcc method=java.io.WinNTFileSystem.normalize(Ljava/lang/String;)Ljava/lang/String; @ 128 c2
Event: 2.556 Thread 0x0000012fc30f06f0 DEOPT PACKING pc=0x0000012fd274cdcc sp=0x00000028ecdfb920
Event: 2.557 Thread 0x0000012fc30f06f0 DEOPT UNPACKING pc=0x0000012fd21a69a3 sp=0x00000028ecdfb908 mode 2
Event: 3.227 Thread 0x0000012fc30f06f0 Uncommon trap: trap_request=0xffffff45 fr.pc=0x0000012fd2728724 relative=0x0000000000000664
Event: 3.227 Thread 0x0000012fc30f06f0 Uncommon trap: reason=unstable_if action=reinterpret pc=0x0000012fd2728724 method=java.lang.AbstractStringBuilder.append(Ljava/lang/String;)Ljava/lang/AbstractStringBuilder; @ 1 c2
Event: 3.227 Thread 0x0000012fc30f06f0 DEOPT PACKING pc=0x0000012fd2728724 sp=0x00000028ecdfc6b0
Event: 3.228 Thread 0x0000012fc30f06f0 DEOPT UNPACKING pc=0x0000012fd21a69a3 sp=0x00000028ecdfc630 mode 2
Event: 3.228 Thread 0x0000012fc30f06f0 Uncommon trap: trap_request=0xffffff45 fr.pc=0x0000012fd272dd24 relative=0x0000000000000664
Event: 3.228 Thread 0x0000012fc30f06f0 Uncommon trap: reason=unstable_if action=reinterpret pc=0x0000012fd272dd24 method=java.lang.AbstractStringBuilder.append(Ljava/lang/String;)Ljava/lang/AbstractStringBuilder; @ 1 c2
Event: 3.228 Thread 0x0000012fc30f06f0 DEOPT PACKING pc=0x0000012fd272dd24 sp=0x00000028ecdfc650
Event: 3.228 Thread 0x0000012fc30f06f0 DEOPT UNPACKING pc=0x0000012fd21a69a3 sp=0x00000028ecdfc638 mode 2
Event: 3.454 Thread 0x0000012fc30f06f0 Uncommon trap: trap_request=0xffffff45 fr.pc=0x0000012fd273fc10 relative=0x0000000000000430
Event: 3.454 Thread 0x0000012fc30f06f0 Uncommon trap: reason=unstable_if action=reinterpret pc=0x0000012fd273fc10 method=java.util.regex.Matcher.match(II)Z @ 76 c2
Event: 3.454 Thread 0x0000012fc30f06f0 DEOPT PACKING pc=0x0000012fd273fc10 sp=0x00000028ecdfb920
Event: 3.454 Thread 0x0000012fc30f06f0 DEOPT UNPACKING pc=0x0000012fd21a69a3 sp=0x00000028ecdfb8d8 mode 2
Event: 90.317 Thread 0x0000012fc30f06f0 DEOPT PACKING pc=0x0000012fcae812cd sp=0x00000028ecdfc370
Event: 90.318 Thread 0x0000012fc30f06f0 DEOPT UNPACKING pc=0x0000012fd21a7143 sp=0x00000028ecdfb808 mode 0

Classes unloaded (0 events):
No events

Classes redefined (0 events):
No events

Internal exceptions (18 events):
Event: 0.388 Thread 0x0000012fc30f06f0 Exception <a 'java/lang/NoSuchMethodError'{0x00000000ffc6fb00}: 'int java.lang.invoke.DirectMethodHandle$Holder.invokeStaticInit(java.lang.Object, java.lang.Object)'> (0x00000000ffc6fb00) 
thrown [s\src\hotspot\share\interpreter\linkResolver.cpp, line 759]
Event: 1.575 Thread 0x0000012fc30f06f0 Exception <a 'java/lang/NoSuchMethodError'{0x00000000fe948870}: 'void java.lang.invoke.DirectMethodHandle$Holder.invokeStatic(java.lang.Object, java.lang.Object)'> (0x00000000fe948870) 
thrown [s\src\hotspot\share\interpreter\linkResolver.cpp, line 759]
Event: 1.629 Thread 0x0000012fc30f06f0 Exception <a 'java/lang/NoClassDefFoundError'{0x00000000fe9cc3b0}: org/slf4j/impl/StaticMarkerBinder> (0x00000000fe9cc3b0) 
thrown [s\src\hotspot\share\classfile\systemDictionary.cpp, line 245]
Event: 1.695 Thread 0x0000012fc30f06f0 Exception <a 'java/lang/NoSuchMethodError'{0x00000000fff6d728}: 'java.lang.Object java.lang.invoke.DirectMethodHandle$Holder.invokeVirtual(java.lang.Object, java.lang.Object, java.lang.Object, java.lang.Object, java.lang.Object, java.lang.Object, java.lang.Object)'> (0x00000000fff6d728) 
thrown [s\src\hotspot\share\interpreter\linkResolver.cpp, line 759]
Event: 1.704 Thread 0x0000012fc30f06f0 Exception <a 'java/lang/NoSuchMethodError'{0x00000000fff7f178}: 'java.lang.Object java.lang.invoke.Invokers$Holder.invoker(java.lang.Object, java.lang.Object, java.lang.Object)'> (0x00000000fff7f178) 
thrown [s\src\hotspot\share\interpreter\linkResolver.cpp, line 759]
Event: 1.708 Thread 0x0000012fc30f06f0 Exception <a 'java/lang/NoSuchMethodError'{0x00000000fff88350}: 'java.lang.Object java.lang.invoke.DirectMethodHandle$Holder.invokeStatic(java.lang.Object, java.lang.Object, int)'> (0x00000000fff88350) 
thrown [s\src\hotspot\share\interpreter\linkResolver.cpp, line 759]
Event: 1.713 Thread 0x0000012fc30f06f0 Exception <a 'java/lang/NoSuchMethodError'{0x00000000fff94040}: 'void java.lang.invoke.DelegatingMethodHandle$Holder.delegate(java.lang.Object, java.lang.Object, int, java.lang.Object)'> (0x00000000fff94040) 
thrown [s\src\hotspot\share\interpreter\linkResolver.cpp, line 759]
Event: 1.714 Thread 0x0000012fc30f06f0 Exception <a 'java/lang/NoSuchMethodError'{0x00000000fff98208}: 'int java.lang.invoke.DirectMethodHandle$Holder.invokeSpecial(java.lang.Object, java.lang.Object, java.lang.Object)'> (0x00000000fff98208) 
thrown [s\src\hotspot\share\interpreter\linkResolver.cpp, line 759]
Event: 1.724 Thread 0x0000012fc30f06f0 Exception <a 'java/lang/NoSuchMethodError'{0x00000000fffab350}: 'java.lang.Object java.lang.invoke.Invokers$Holder.invokeExact_MT(java.lang.Object, java.lang.Object, java.lang.Object, java.lang.Object)'> (0x00000000fffab350) 
thrown [s\src\hotspot\share\interpreter\linkResolver.cpp, line 759]
Event: 2.135 Thread 0x0000012fc30f06f0 Exception <a 'java/lang/NoSuchMethodError'{0x00000000ff9275f8}: 'void java.lang.invoke.DirectMethodHandle$Holder.invokeSpecial(java.lang.Object, java.lang.Object, java.lang.Object)'> (0x00000000ff9275f8) 
thrown [s\src\hotspot\share\interpreter\linkResolver.cpp, line 759]
Event: 2.157 Thread 0x0000012fc30f06f0 Implicit null exception at 0x0000012fd2752a0f to 0x0000012fd2752f70
Event: 2.157 Thread 0x0000012fc30f06f0 Implicit null exception at 0x0000012fd274570f to 0x0000012fd2745c78
Event: 2.208 Thread 0x0000012fc30f06f0 Exception <a 'java/lang/NoSuchMethodError'{0x00000000ff877d60}: 'java.lang.Object java.lang.invoke.DirectMethodHandle$Holder.invokeStaticInit(java.lang.Object)'> (0x00000000ff877d60) 
thrown [s\src\hotspot\share\interpreter\linkResolver.cpp, line 759]
Event: 2.448 Thread 0x0000012fc30f06f0 Exception <a 'java/lang/NoSuchMethodError'{0x00000000ff430d10}: 'java.lang.Object java.lang.invoke.DirectMethodHandle$Holder.invokeStaticInit(java.lang.Object, int, int, int, int)'> (0x00000000ff430d10) 
thrown [s\src\hotspot\share\interpreter\linkResolver.cpp, line 759]
Event: 2.567 Thread 0x0000012fc30f06f0 Exception <a 'java/lang/NoSuchMethodError'{0x00000000ff4640f8}: 'java.lang.Object java.lang.invoke.DirectMethodHandle$Holder.invokeStaticInit(java.lang.Object, java.lang.Object, int, int, int, int)'> (0x00000000ff4640f8) 
thrown [s\src\hotspot\share\interpreter\linkResolver.cpp, line 759]
Event: 3.176 Thread 0x0000012fc30f06f0 Exception <a 'java/lang/NoSuchMethodError'{0x00000000ff492cf0}: 'void java.lang.invoke.DirectMethodHandle$Holder.invokeStatic(java.lang.Object, java.lang.Object, java.lang.Object)'> (0x00000000ff492cf0) 
thrown [s\src\hotspot\share\interpreter\linkResolver.cpp, line 759]
Event: 3.227 Thread 0x0000012fc30f06f0 Implicit null exception at 0x0000012fd27280f2 to 0x0000012fd272870c
Event: 3.228 Thread 0x0000012fc30f06f0 Implicit null exception at 0x0000012fd272d6f2 to 0x0000012fd272dd0c

VM Operations (20 events):
Event: 99.514 Executing VM operation: Cleanup
Event: 99.514 Executing VM operation: Cleanup done
Event: 157.517 Executing VM operation: HandshakeAllThreads
Event: 157.517 Executing VM operation: HandshakeAllThreads done
Event: 161.552 Executing VM operation: Cleanup
Event: 161.552 Executing VM operation: Cleanup done
Event: 166.605 Executing VM operation: Cleanup
Event: 166.605 Executing VM operation: Cleanup done
Event: 179.710 Executing VM operation: Cleanup
Event: 179.710 Executing VM operation: Cleanup done
Event: 180.718 Executing VM operation: Cleanup
Event: 180.718 Executing VM operation: Cleanup done
Event: 193.849 Executing VM operation: Cleanup
Event: 193.849 Executing VM operation: Cleanup done
Event: 208.988 Executing VM operation: Cleanup
Event: 208.988 Executing VM operation: Cleanup done
Event: 259.399 Executing VM operation: Cleanup
Event: 259.399 Executing VM operation: Cleanup done
Event: 300.783 Executing VM operation: Cleanup
Event: 300.783 Executing VM operation: Cleanup done

Events (20 events):
Event: 41.894 loading class jdk/internal/logger/LoggerFinderLoader
Event: 41.894 loading class jdk/internal/logger/LoggerFinderLoader done
Event: 41.895 loading class jdk/internal/logger/LoggerFinderLoader$TemporaryLoggerFinder
Event: 41.895 loading class jdk/internal/logger/LoggerFinderLoader$TemporaryLoggerFinder done
Event: 41.895 loading class sun/util/logging/internal/LoggingProviderImpl$JULWrapper
Event: 41.895 loading class sun/util/logging/PlatformLogger$ConfigurableBridge$LoggerConfiguration
Event: 41.895 loading class sun/util/logging/PlatformLogger$ConfigurableBridge$LoggerConfiguration done
Event: 41.896 loading class sun/util/logging/internal/LoggingProviderImpl$JULWrapper done
Event: 41.896 loading class java/io/ObjectInputFilter
Event: 41.896 loading class java/io/ObjectInputFilter done
Event: 41.897 loading class java/io/ObjectInputFilter$Config$BuiltinFilterFactory
Event: 41.898 loading class java/io/ObjectInputFilter$Config$BuiltinFilterFactory done
Event: 41.898 loading class jdk/internal/access/JavaObjectInputFilterAccess
Event: 41.898 loading class jdk/internal/access/JavaObjectInputFilterAccess done
Event: 41.899 loading class java/lang/System$Logger$Level
Event: 41.899 loading class java/lang/System$Logger$Level done
Event: 41.899 loading class java/io/Bits
Event: 41.900 loading class java/io/Bits done
Event: 44.290 loading class jdk/internal/misc/ScopedMemoryAccess$Scope
Event: 44.291 loading class jdk/internal/misc/ScopedMemoryAccess$Scope done


Dynamic libraries:
0x00007ff6fba40000 - 0x00007ff6fba4e000 	C:\Program Files\Microsoft\jdk-17.0.11.9-hotspot\bin\java.exe
0x00007ffa86e70000 - 0x00007ffa87068000 	C:\Windows\SYSTEM32\ntdll.dll
0x00007ffa84f70000 - 0x00007ffa8502d000 	C:\Windows\System32\KERNEL32.DLL
0x00007ffa84a40000 - 0x00007ffa84d36000 	C:\Windows\System32\KERNELBASE.dll
0x00007ffa84820000 - 0x00007ffa84920000 	C:\Windows\System32\ucrtbase.dll
0x00007ffa7a310000 - 0x00007ffa7a327000 	C:\Program Files\Microsoft\jdk-17.0.11.9-hotspot\bin\jli.dll
0x00007ffa86bc0000 - 0x00007ffa86d5f000 	C:\Windows\System32\USER32.dll
0x00007ffa84640000 - 0x00007ffa84662000 	C:\Windows\System32\win32u.dll
0x00007ffa853d0000 - 0x00007ffa853fb000 	C:\Windows\System32\GDI32.dll
0x00007ffa84920000 - 0x00007ffa84a37000 	C:\Windows\System32\gdi32full.dll
0x00007ffa84570000 - 0x00007ffa8460d000 	C:\Windows\System32\msvcp_win.dll
0x00007ffa738f0000 - 0x00007ffa7390b000 	C:\Program Files\Microsoft\jdk-17.0.11.9-hotspot\bin\VCRUNTIME140.dll
0x00007ffa70f30000 - 0x00007ffa711ca000 	C:\Windows\WinSxS\amd64_microsoft.windows.common-controls_6595b64144ccf1df_6.0.19041.4355_none_60b8b9eb71f62e16\COMCTL32.dll
0x00007ffa850d0000 - 0x00007ffa8516e000 	C:\Windows\System32\msvcrt.dll
0x00007ffa85030000 - 0x00007ffa85062000 	C:\Windows\System32\IMM32.DLL
0x00007ffa738e0000 - 0x00007ffa738ec000 	C:\Program Files\Microsoft\jdk-17.0.11.9-hotspot\bin\vcruntime140_1.dll
0x00007ffa54aa0000 - 0x00007ffa54b2d000 	C:\Program Files\Microsoft\jdk-17.0.11.9-hotspot\bin\msvcp140.dll
0x00007ffa20d80000 - 0x00007ffa219e6000 	C:\Program Files\Microsoft\jdk-17.0.11.9-hotspot\bin\server\jvm.dll
0x00007ffa85680000 - 0x00007ffa85730000 	C:\Windows\System32\ADVAPI32.dll
0x00007ffa855c0000 - 0x00007ffa85660000 	C:\Windows\System32\sechost.dll
0x00007ffa869c0000 - 0x00007ffa86ae3000 	C:\Windows\System32\RPCRT4.dll
0x00007ffa84610000 - 0x00007ffa84637000 	C:\Windows\System32\bcrypt.dll
0x00007ffa84370000 - 0x00007ffa843bb000 	C:\Windows\SYSTEM32\POWRPROF.dll
0x00007ffa738a0000 - 0x00007ffa738a9000 	C:\Windows\SYSTEM32\WSOCK32.dll
0x00007ffa86d60000 - 0x00007ffa86dcb000 	C:\Windows\System32\WS2_32.dll
0x00007ffa67c20000 - 0x00007ffa67c47000 	C:\Windows\SYSTEM32\WINMM.dll
0x00007ffa7d600000 - 0x00007ffa7d60a000 	C:\Windows\SYSTEM32\VERSION.dll
0x00007ffa842a0000 - 0x00007ffa842b2000 	C:\Windows\SYSTEM32\UMPDC.dll
0x00007ffa82cf0000 - 0x00007ffa82d02000 	C:\Windows\SYSTEM32\kernel.appcore.dll
0x00007ffa73890000 - 0x00007ffa7389a000 	C:\Program Files\Microsoft\jdk-17.0.11.9-hotspot\bin\jimage.dll
0x00007ffa820d0000 - 0x00007ffa822b4000 	C:\Windows\SYSTEM32\DBGHELP.DLL
0x00007ffa7cf70000 - 0x00007ffa7cfa4000 	C:\Windows\SYSTEM32\dbgcore.DLL
0x00007ffa84790000 - 0x00007ffa84812000 	C:\Windows\System32\bcryptPrimitives.dll
0x00007ffa66fb0000 - 0x00007ffa66fd5000 	C:\Program Files\Microsoft\jdk-17.0.11.9-hotspot\bin\java.dll
0x00007ffa4fed0000 - 0x00007ffa4ffa7000 	C:\Program Files\Microsoft\jdk-17.0.11.9-hotspot\bin\jsvml.dll
0x00007ffa85af0000 - 0x00007ffa8625b000 	C:\Windows\System32\SHELL32.dll
0x00007ffa82540000 - 0x00007ffa82cdd000 	C:\Windows\SYSTEM32\windows.storage.dll
0x00007ffa85730000 - 0x00007ffa85a83000 	C:\Windows\System32\combase.dll
0x00007ffa83d90000 - 0x00007ffa83dbe000 	C:\Windows\SYSTEM32\Wldp.dll
0x00007ffa86af0000 - 0x00007ffa86bbd000 	C:\Windows\System32\OLEAUT32.dll
0x00007ffa84ec0000 - 0x00007ffa84f6d000 	C:\Windows\System32\SHCORE.dll
0x00007ffa85a90000 - 0x00007ffa85ae5000 	C:\Windows\System32\shlwapi.dll
0x00007ffa84450000 - 0x00007ffa84474000 	C:\Windows\SYSTEM32\profapi.dll
0x00007ffa68820000 - 0x00007ffa68839000 	C:\Program Files\Microsoft\jdk-17.0.11.9-hotspot\bin\net.dll
0x00007ffa7bdd0000 - 0x00007ffa7beda000 	C:\Windows\SYSTEM32\WINHTTP.dll
0x00007ffa83b70000 - 0x00007ffa83bda000 	C:\Windows\system32\mswsock.dll
0x00007ffa671b0000 - 0x00007ffa671c6000 	C:\Program Files\Microsoft\jdk-17.0.11.9-hotspot\bin\nio.dll
0x00007ffa62310000 - 0x00007ffa62328000 	C:\Program Files\Microsoft\jdk-17.0.11.9-hotspot\bin\zip.dll
0x00007ffa7e0e0000 - 0x00007ffa7e0f0000 	C:\Program Files\Microsoft\jdk-17.0.11.9-hotspot\bin\verify.dll
0x00007ffa64560000 - 0x00007ffa64587000 	C:\Users\DeLL\.gradle\native\c067742578af261105cb4f569cf0c3c89f3d7b1fecec35dd04571415982c5e48\windows-amd64\native-platform.dll
0x00007ffa7e0a0000 - 0x00007ffa7e0a9000 	C:\Program Files\Microsoft\jdk-17.0.11.9-hotspot\bin\management.dll
0x00007ffa7e070000 - 0x00007ffa7e07b000 	C:\Program Files\Microsoft\jdk-17.0.11.9-hotspot\bin\management_ext.dll
0x00007ffa85660000 - 0x00007ffa85668000 	C:\Windows\System32\PSAPI.DLL
0x00007ffa83dd0000 - 0x00007ffa83de8000 	C:\Windows\SYSTEM32\CRYPTSP.dll
0x00007ffa834b0000 - 0x00007ffa834e4000 	C:\Windows\system32\rsaenh.dll
0x00007ffa84400000 - 0x00007ffa8442e000 	C:\Windows\SYSTEM32\USERENV.dll
0x00007ffa83d00000 - 0x00007ffa83d0c000 	C:\Windows\SYSTEM32\CRYPTBASE.dll
0x00007ffa83870000 - 0x00007ffa838ab000 	C:\Windows\SYSTEM32\IPHLPAPI.DLL
0x00007ffa85530000 - 0x00007ffa85538000 	C:\Windows\System32\NSI.dll
0x00007ffa7ceb0000 - 0x00007ffa7cec7000 	C:\Windows\SYSTEM32\dhcpcsvc6.DLL
0x00007ffa7d5e0000 - 0x00007ffa7d5fd000 	C:\Windows\SYSTEM32\dhcpcsvc.DLL
0x00007ffa838b0000 - 0x00007ffa8397b000 	C:\Windows\SYSTEM32\DNSAPI.dll
0x00007ffa7e080000 - 0x00007ffa7e089000 	C:\Program Files\Microsoft\jdk-17.0.11.9-hotspot\bin\extnet.dll
0x00007ffa7e090000 - 0x00007ffa7e09e000 	C:\Program Files\Microsoft\jdk-17.0.11.9-hotspot\bin\sunmscapi.dll
0x00007ffa84d40000 - 0x00007ffa84e9e000 	C:\Windows\System32\CRYPT32.dll
0x00007ffa83f40000 - 0x00007ffa83f69000 	C:\Windows\SYSTEM32\ncrypt.dll
0x00007ffa83ea0000 - 0x00007ffa83edb000 	C:\Windows\SYSTEM32\NTASN1.dll
0x00007ff9fcfd0000 - 0x00007ff9fcfd7000 	C:\Windows\system32\wshunix.dll

dbghelp: loaded successfully - version: 4.0.5 - missing functions: none
symbol engine: initialized successfully - sym options: 0x614 - pdb path: .;C:\Program Files\Microsoft\jdk-17.0.11.9-hotspot\bin;C:\Windows\SYSTEM32;C:\Windows\WinSxS\amd64_microsoft.windows.common-controls_6595b64144ccf1df_6.0.19041.4355_none_60b8b9eb71f62e16;C:\Program Files\Microsoft\jdk-17.0.11.9-hotspot\bin\server;C:\Users\DeLL\.gradle\native\c067742578af261105cb4f569cf0c3c89f3d7b1fecec35dd04571415982c5e48\windows-amd64

VM Arguments:
jvm_args: -Xmx64m -Xms64m -Dorg.gradle.appname=gradlew 
java_command: org.gradle.wrapper.GradleWrapperMain app:installDebug -PreactNativeDevServerPort=8081
java_class_path (initial): E:\projects\Rideapp\android\\gradle\wrapper\gradle-wrapper.jar
Launcher Type: SUN_STANDARD

[Global flags]
     intx CICompilerCount                          = 4                                         {product} {ergonomic}
     uint ConcGCThreads                            = 2                                         {product} {ergonomic}
     uint G1ConcRefinementThreads                  = 8                                         {product} {ergonomic}
   size_t G1HeapRegionSize                         = 1048576                                   {product} {ergonomic}
    uintx GCDrainStackTargetSize                   = 64                                        {product} {ergonomic}
   size_t InitialHeapSize                          = 67108864                                  {product} {command line}
   size_t MarkStackSize                            = 4194304                                   {product} {ergonomic}
   size_t MaxHeapSize                              = 67108864                                  {product} {command line}
   size_t MaxNewSize                               = 39845888                                  {product} {ergonomic}
   size_t MinHeapDeltaBytes                        = 1048576                                   {product} {ergonomic}
   size_t MinHeapSize                              = 67108864                                  {product} {command line}
    uintx NonNMethodCodeHeapSize                   = 5839372                                {pd product} {ergonomic}
    uintx NonProfiledCodeHeapSize                  = 122909434                              {pd product} {ergonomic}
    uintx ProfiledCodeHeapSize                     = 122909434                              {pd product} {ergonomic}
    uintx ReservedCodeCacheSize                    = 251658240                              {pd product} {ergonomic}
     bool SegmentedCodeCache                       = true                                      {product} {ergonomic}
   size_t SoftMaxHeapSize                          = 67108864                               {manageable} {ergonomic}
     bool UseCompressedClassPointers               = true                           {product lp64_product} {ergonomic}
     bool UseCompressedOops                        = true                           {product lp64_product} {ergonomic}
     bool UseG1GC                                  = true                                      {product} {ergonomic}
     bool UseLargePagesIndividualAllocation        = false                                  {pd product} {ergonomic}

Logging:
Log output configuration:
 #0: stdout all=warning uptime,level,tags
 #1: stderr all=off uptime,level,tags

Environment Variables:
JAVA_HOME=C:\Program Files\Microsoft\jdk-17.0.11.9-hotspot\
CLASSPATH=E:\projects\Rideapp\android\\gradle\wrapper\gradle-wrapper.jar
PATH=E:\projects\Rideapp\node_modules\.bin;E:\projects\Rideapp\node_modules\.bin;E:\projects\node_modules\.bin;E:\node_modules\.bin;C:\Program Files\nodejs\node_modules\npm\node_modules\@npmcli\run-script\lib\node-gyp-bin;E:\projects\Rideapp\node_modules\.bin;E:\projects\node_modules\.bin;E:\node_modules\.bin;C:\Program Files\nodejs\node_modules\npm\node_modules\@npmcli\run-script\lib\node-gyp-bin;C:\Program Files\Microsoft\jdk-17.0.11.9-hotspot\bin;C:\Program Files\Common Files\Oracle\Java\javapath;C:\Python312\Scripts\;C:\Python312\;C:\Program Files\Python311\Scripts\;C:\Program Files\Python311\;C:\Windows\system32;C:\Windows;C:\Windows\System32\Wbem;C:\Windows\System32\WindowsPowerShell\v1.0\;C:\Windows\System32\OpenSSH\;C:\Program Files (x86)\Microsoft Group Policy\Windows 10 November 2021 Update V2 (21H2)\PolicyDefinitions\;C:\Program Files\dotnet\;C:\Users\DeLL\AppData\Roaming\Python\Python311\Scripts;C:\Users\DeLL\AppData\Local\Android\Sdk\platform-tools;C:\Program Files\Java\jdk-11\bin;C:\xampp\php;C:\composer;C:\Program Files\Amazon\SessionManagerPlugin\bin\;C:\Program Files\nodejs\;C:\ProgramData\chocolatey\bin;C:\Program Files\Git\cmd;C:\Users\DeLL\AppData\Local\Android\Sdk\tools;C:\Users\DeLL\AppData\Local\Microsoft\WindowsApps;C:\Users\DeLL\AppData\Local\Programs\Microsoft VS Code\bin;C:\Users\DeLL\AppData\Roaming\Composer\vendor\bin;C:\Users\DeLL\AppData\Roaming\npm;C:\Users\DeLL\AppData\Local\Android\Sdk\platform-tools;
USERNAME=DeLL
OS=Windows_NT
PROCESSOR_IDENTIFIER=Intel64 Family 6 Model 142 Stepping 12, GenuineIntel
TMP=C:\Users\DeLL\AppData\Local\Temp
TEMP=C:\Users\DeLL\AppData\Local\Temp



Periodic native trim disabled


---------------  S Y S T E M  ---------------

OS:
 Windows 10 , 64 bit Build 19041 (10.0.19041.3636)
OS uptime: 0 days 15:46 hours
Hyper-V role detected

CPU: total 8 (initial active 8) (4 cores per cpu, 2 threads per core) family 6 model 142 stepping 12 microcode 0xf8, cx8, cmov, fxsr, ht, mmx, 3dnowpref, sse, sse2, sse3, ssse3, sse4.1, sse4.2, popcnt, lzcnt, tsc, tscinvbit, avx, avx2, aes, erms, clmul, bmi1, bmi2, adx, fma, vzeroupper, clflush, clflushopt, hv
Processor Information for all 8 processors :
  Max Mhz: 1800, Current Mhz: 1600, Mhz Limit: 1584

Memory: 4k page, system-wide physical 16255M (2759M free)
TotalPageFile size 19804M (AvailPageFile size 233M)
current process WorkingSet (physical memory assigned to process): 90M, peak: 94M
current process commit charge ("private bytes"): 164M, peak: 168M

vm_info: OpenJDK 64-Bit Server VM (17.0.11+9-LTS) for windows-amd64 JRE (17.0.11+9-LTS), built on Apr  9 2024 22:05:54 by "MicrosoftCorporation" with MS VC++ 16.10 / 16.11 (VS2019)

END.
